make.exe all --print-data-base --no-builtin-variables --no-builtin-rules --question
# GNU Make 3.81
# Copyright (C) 2006  Free Software Foundation, Inc.
# This is free software; see the source for copying conditions.
# There is NO warranty; not even for MERCHANTABILITY or FITNESS FOR A
# PARTICULAR PURPOSE.

# This program built for i386-pc-mingw32
 

# Make data base, printed on Thu Jul 28 17:09:16 2022

# Variables

# automatic
<D = $(patsubst %/,%,$(dir $<))
# automatic
?F = $(notdir $?)
# environment
WSLENV = WT_SESSION::WT_PROFILE_ID
# environment
ELECTRON_NO_ATTACH_CONSOLE = 1
# makefile (from `makefile', line 15)
OBJ = $(SRC:.c=.o) 
# makefile (from `makefile', line 14)
SRC = $(wildcard *.c) 
# makefile
MAKEFLAGS = Rrqp
# environment
LC_CTYPE = en_US.UTF-8
# automatic
?D = $(patsubst %/,%,$(dir $?))
# automatic
@D = $(patsubst %/,%,$(dir $@))
# environment
HOMEDRIVE = C:
# automatic
@F = $(notdir $@)
# automatic
^D = $(patsubst %/,%,$(dir $^))
# makefile
CURDIR := d:/University/Courses/Embedded Diploma/Embedded_Systems_Diploma/Unit_3/Lesson 3 - Lab 2
# makefile
SHELL = C:/Program Files/Git/usr/bin/sh.exe
# environment
CONFIG_SITE = C:/Program Files/Git/etc/config.site
# environment
WINDIR = C:\Windows
# environment
VSCODE_NLS_CONFIG = {"locale":"en-us","availableLanguages":{},"_languagePackSupport":true}
# environment
_ = C:/Users/johnm/AppData/Local/Programs/Microsoft VS Code/Code.exe
# makefile (from `makefile', line 7)
CFLAGS = -mcpu=cortex-m3 -mthumb -gdwarf-2
# environment
ONEDRIVE = C:\Users\johnm\OneDrive
# environment
PATHEXT = .COM;.EXE;.BAT;.CMD;.VBS;.VBE;.JS;.JSE;.WSF;.WSH;.MSC
# makefile (from `makefile', line 1)
MAKEFILE_LIST :=  makefile
# environment
FPS_BROWSER_USER_PROFILE_STRING = Default
# environment
TMP = C:\Users\johnm\AppData\Local\Temp
# environment
PROGRAMW6432 = C:\Program Files
# environment
INFOPATH = C:\Program Files\Git\usr\local\info;C:\Program Files\Git\usr\share\info;C:\Program Files\Git\usr\info;C:\Program Files\Git\share\info
# environment
PROGRAMDATA = C:\ProgramData
# environment
MSYSTEM_CHOST = x86_64-w64-mingw32
# makefile (from `makefile', line 12)
INCS = -I .
# environment
VSCODE_CWD = D:\University\Courses\Embedded Diploma\Embedded_Systems_Diploma\Unit_3\Lesson 3 - Lab 2
# environment
PATH = C:\Users\johnm\bin;C:\Program Files\Git\mingw64\bin;C:\Program Files\Git\usr\local\bin;C:\Program Files\Git\usr\bin;C:\Program Files\Git\usr\bin;C:\Program Files\Git\mingw64\bin;C:\Program Files\Git\usr\bin;C:\Users\johnm\bin;C:\WinAVR-20100110\bin;C:\WinAVR-20100110\utils\bin;C:\Program Files\Common Files\Oracle\Java\javapath;C:\Program Files (x86)\Common Files\Oracle\Java\javapath;C:\Windows\system32;C:\Windows;C:\Windows\System32\Wbem;C:\Windows\System32\WindowsPowerShell\v1.0;C:\Windows\System32\OpenSSH;C:\mingw\bin;C:\Program Files\NVIDIA Corporation\NVIDIA NvDLISR;C:\PHP7;C:\Program Files\dotnet;C:\ARM_TOOLCHAIN\bin;C:\Program Files\Git\cmd;C:\qemu;C:\Program Files (x86)\GNU Tools ARM Embedded\7 2017-q4-major\bin;C:\Program Files\MySQL\MySQL Shell 8.0\bin;C:\Users\johnm\anaconda3;C:\Users\johnm\anaconda3\Library\mingw-w64\bin;C:\Users\johnm\anaconda3\Library\usr\bin;C:\Users\johnm\anaconda3\Library\bin;C:\Users\johnm\anaconda3\Scripts;C:\Users\johnm\AppData\Local\Microsoft\WindowsApps;C:\Users\johnm\AppData\Local\Programs\Microsoft VS Code\bin;C:\Users\johnm\AppData\Local\GitHubDesktop\bin;C:\Program Files\Git\usr\bin\vendor_perl;C:\Program Files\Git\usr\bin\core_perl
# environment
COMMONPROGRAMW6432 = C:\Program Files\Common Files
# environment
TERM_PROGRAM_VERSION = 3.6.1
# environment
PROCESSOR_ARCHITECTURE = x86
# environment
USERPROFILE = C:\Users\johnm
# environment
MSYSTEM_CARCH = x86_64
# environment
EXEPATH = C:\Program Files\Git
# environment
ALLUSERSPROFILE = C:\ProgramData
# environment
PLINK_PROTOCOL = ssh
# environment
MSYSTEM_PREFIX = C:/Program Files/Git/mingw64
# environment
NUMBER_OF_PROCESSORS = 8
# environment
ELECTRON_RUN_AS_NODE = 1
# environment
ORIGINAL_TEMP = C:/Users/johnm/AppData/Local/Temp
# default
.FEATURES := target-specific order-only second-expansion else-if archives
# automatic
%F = $(notdir $%)
# environment
DISPLAY = needs-to-be-defined
# environment
CHROME_CRASHPAD_PIPE_NAME = \\.\pipe\crashpad_16304_GQHXYNRRKVHVLKSN
# environment
ORIGINAL_PATH = C:\Program Files\Git\mingw64\bin;C:\Program Files\Git\usr\bin;C:\Users\johnm\bin;C:\WinAVR-20100110\bin;C:\WinAVR-20100110\utils\bin;C:\Program Files\Common Files\Oracle\Java\javapath;C:\Program Files (x86)\Common Files\Oracle\Java\javapath;C:\Windows\system32;C:\Windows;C:\Windows\System32\Wbem;C:\Windows\System32\WindowsPowerShell\v1.0;C:\Windows\System32\OpenSSH;C:\mingw\bin;C:\Program Files\NVIDIA Corporation\NVIDIA NvDLISR;C:\PHP7;C:\Program Files\dotnet;C:\ARM_TOOLCHAIN\bin;C:\Program Files\Git\cmd;C:\qemu;C:\Program Files (x86)\GNU Tools ARM Embedded\7 2017-q4-major\bin;C:\Program Files\MySQL\MySQL Shell 8.0\bin;C:\Users\johnm\anaconda3;C:\Users\johnm\anaconda3\Library\mingw-w64\bin;C:\Users\johnm\anaconda3\Library\usr\bin;C:\Users\johnm\anaconda3\Library\bin;C:\Users\johnm\anaconda3\Scripts;C:\Users\johnm\AppData\Local\Microsoft\WindowsApps;C:\Users\johnm\AppData\Local\Programs\Microsoft VS Code\bin;C:\Users\johnm\AppData\Local\GitHubDesktop\bin
# environment
COMPUTERNAME = JOHN
# environment
PWD = D:/University/Courses/Embedded Diploma/Embedded_Systems_Diploma/Unit_3/Lesson 3 - Lab 2
# environment
PROGRAMFILES = C:\Program Files (x86)
# environment
DRIVERDATA = C:\Windows\System32\Drivers\DriverData
# environment
PKG_CONFIG_PATH = C:\Program Files\Git\mingw64\lib\pkgconfig;C:\Program Files\Git\mingw64\share\pkgconfig
# environment
ORIGINAL_XDG_CURRENT_DESKTOP = undefined
# environment
WT_SESSION = 8aa1b9cc-e392-42e6-a52f-e6d078421413
# environment
AVR32_HOME = C:\WinAVR-20100110
# environment
USERNAME = johnm
# environment
PUBLIC = C:\Users\Public
# environment
MANPATH = C:\Program Files\Git\mingw64\local\man;C:\Program Files\Git\mingw64\share\man;C:\Program Files\Git\usr\local\man;C:\Program Files\Git\usr\share\man;C:\Program Files\Git\usr\man;C:\Program Files\Git\share\man
# environment
VSCODE_AMD_ENTRYPOINT = vs/workbench/api/node/extensionHostProcess
# environment
HOME = C:\Users\johnm
# environment
VSCODE_CLI = 1
# environment
VSCODE_CODE_CACHE_PATH = C:\Users\johnm\AppData\Roaming\Code\CachedData\3b889b090b5ad5793f524b5d1d39fda662b96a2a
# environment
APPLICATION_INSIGHTS_NO_DIAGNOSTIC_CHANNEL = 1
# environment
COMMONPROGRAMFILES = C:\Program Files (x86)\Common Files
# environment
LOGONSERVER = \\JOHN
# environment
VSCODE_HANDLES_UNCAUGHT_ERRORS = true
# environment
USERDOMAIN = JOHN
# environment
HOSTNAME = John
# environment
SSH_ASKPASS = C:/Program Files/Git/mingw64/bin/git-askpass.exe
# default
MAKE = $(MAKE_COMMAND)
# default
MAKECMDGOALS := all
# environment
SHLVL = 2
# makefile (from `makefile', line 4)
CC = arm-none-eabi-
# environment
ACLOCAL_PATH = C:\Program Files\Git\mingw64\share\aclocal;C:\Program Files\Git\usr\share\aclocal
# default
MAKE_VERSION := 3.81
# environment
MINGW_CHOST = x86_64-w64-mingw32
# makefile
.DEFAULT_GOAL := all
# makefile (from `makefile', line 16)
As = $(wildcard *.s)
# environment
PROGRAMFILES(X86) = C:\Program Files (x86)
# automatic
%D = $(patsubst %/,%,$(dir $%))
# environment
LOCALAPPDATA = C:\Users\johnm\AppData\Local
# environment
PSMODULEPATH = C:\Program Files\WindowsPowerShell\Modules;C:\Windows\system32\WindowsPowerShell\v1.0\Modules
# default
MAKE_COMMAND := make.exe
# environment
PROCESSOR_ARCHITEW6432 = AMD64
# makefile (from `makefile', line 18)
Project_name = Learn_in_depth_cortex_m3_j
# environment
TERM_PROGRAM = mintty
# default
.VARIABLES := 
# environment
TMPDIR = C:\Users\johnm\AppData\Local\Temp
# automatic
*F = $(notdir $*)
# environment
PROCESSOR_IDENTIFIER = Intel64 Family 6 Model 158 Stepping 10, GenuineIntel
# environment
OS = Windows_NT
# environment
VSCODE_IPC_HOOK = \\.\pipe\fd7168ae5819fdac2610bac7e8f52ba8-1.69.2-main-sock
# environment
HOMEPATH = \Users\johnm
# environment
COMMONPROGRAMFILES(X86) = C:\Program Files (x86)\Common Files
# environment
PROMPT = $P$G
# environment
MFLAGS = -Rrqp
# automatic
*D = $(patsubst %/,%,$(dir $*))
# environment
ORIGINAL_TMP = C:/Users/johnm/AppData/Local/Temp
# environment
SYSTEMROOT = C:\Windows
# automatic
+D = $(patsubst %/,%,$(dir $+))
# environment
MINGW_PREFIX = C:/Program Files/Git/mingw64
# automatic
+F = $(notdir $+)
# environment
APPDATA = C:\Users\johnm\AppData\Roaming
# environment
TEMP = C:\Users\johnm\AppData\Local\Temp
# environment
WT_PROFILE_ID = {61c54bbd-c2c6-5271-96e7-009a87ff44bf}
# environment
COMSPEC = C:\Windows\system32\cmd.exe
# environment
MSYSTEM = MINGW64
# default
MAKEFILES := 
# automatic
<F = $(notdir $<)
# environment
LC_ALL = C
# makefile (from `makefile', line 11)
LIBS = 
# automatic
^F = $(notdir $^)
# makefile (from `makefile', line 17)
AsOBJ = $(As:.s=.o) 
# default
SUFFIXES := 
# environment
SYSTEMDRIVE = C:
# environment
SESSIONNAME = Console
# environment
PROCESSOR_REVISION = 9e0a
# environment
MAKELEVEL := 0
# environment
LANG = C
# environment
PROCESSOR_LEVEL = 6
# environment
TERM = xterm
# environment
FPS_BROWSER_APP_PROFILE_STRING = Internet Explorer
# environment
VSCODE_PID = 16304
# environment
MINGW_PACKAGE_PREFIX = mingw-w64-x86_64
# environment
USERDOMAIN_ROAMINGPROFILE = JOHN
# variable set hash-table stats:
# Load=127/1024=12%, Rehash=0, Collisions=12/160=8%

# Pattern-specific Variable Values

# No pattern-specific variable values.

# Directories

# . (key d:/University/Courses/Embedded Diploma/Embedded_Systems_Diploma/Unit_3/Lesson 3 - Lab 2, mtime 1658785747): 22 files, no impossibilities.
# C:\Program Files\Git\mingw64\bin (key C:/Program Files/Git/mingw64/bin, mtime 1658496093): 145 files, no impossibilities.
# C:\Users\johnm\bin: could not be stat'd.
# C:\Program Files\Git\usr\bin (key C:/Program Files/Git/usr/bin, mtime 1658496087): 308 files, no impossibilities so far.
# C:\Program Files\Git\usr\local\bin: could not be stat'd.

# 475 files, no impossibilities in 5 directories.

# Implicit Rules

%.o: %.c
#  commands to execute (from `makefile', line 24):
	$(CC)gcc.exe -c $(INCS) $(CFLAGS) $< -o $@ 
	

%.o: %.s
#  commands to execute (from `makefile', line 27):
	$(CC)as.exe -c $(INCS) $(CFLAGS) $< -o $@ 
	

# 2 implicit rules, 0 (0.0%) terminal.

# Files

startup.o: startup.c
#  Implicit rule search has been done.
#  Implicit/static pattern stem: `startup'
#  Last modified 2022-07-25 23:39:47
#  File has been updated.
#  Needs to be updated (-q is set).
# automatic
# @ := startup.o
# automatic
# % := 
# automatic
# * := startup
# automatic
# + := startup.c
# automatic
# | := 
# automatic
# < := startup.c
# automatic
# ^ := startup.c
# automatic
# ? := startup.c
# variable set hash-table stats:
# Load=8/32=25%, Rehash=0, Collisions=1/15=7%
#  commands to execute (from `makefile', line 24):
	$(CC)gcc.exe -c $(INCS) $(CFLAGS) $< -o $@ 
	

Learn_in_depth_cortex_m3_j.bin: Learn_in_depth_cortex_m3_j.elf
#  Implicit rule search has not been done.
#  Last modified 2022-07-25 23:39:47
#  File has been updated.
#  Needs to be updated (-q is set).
# variable set hash-table stats:
# Load=0/32=0%, Rehash=0, Collisions=0/5=0%
#  commands to execute (from `makefile', line 33):
	$(CC)objcopy.exe -O binary $< $@
	

all: Learn_in_depth_cortex_m3_j.bin
#  Command-line target.
#  Implicit rule search has not been done.
#  File does not exist.
#  File has been updated.
#  Needs to be updated (-q is set).
# variable set hash-table stats:
# Load=0/32=0%, Rehash=0, Collisions=0/5=0%
#  commands to execute (from `makefile', line 21):
	@echo "Build is done"
	

# Not a target:
main.c:
#  Implicit rule search has been done.
#  Last modified 2022-07-25 23:01:46
#  File has been updated.
#  Successfully updated.
# variable set hash-table stats:
# Load=0/32=0%, Rehash=0, Collisions=0/0=0%

# Not a target:
.DEFAULT:
#  Implicit rule search has not been done.
#  Modification time never checked.
#  File has not been updated.

# Not a target:
makefile:
#  Implicit rule search has been done.
#  Last modified 2022-07-25 21:40:53
#  File has been updated.
#  Successfully updated.
# variable set hash-table stats:
# Load=0/32=0%, Rehash=0, Collisions=0/0=0%

# Not a target:
startup.c:
#  Implicit rule search has been done.
#  Last modified 2022-07-25 23:40:00
#  File has been updated.
#  Successfully updated.
# variable set hash-table stats:
# Load=0/32=0%, Rehash=0, Collisions=0/0=0%

# Not a target:
.SUFFIXES:
#  Implicit rule search has not been done.
#  Modification time never checked.
#  File has not been updated.

clean:
#  Implicit rule search has not been done.
#  Modification time never checked.
#  File has not been updated.
#  commands to execute (from `makefile', line 39):
	rm *.elf *.bin
	

main.o: main.c
#  Implicit rule search has been done.
#  Implicit/static pattern stem: `main'
#  Last modified 2022-07-25 23:20:17
#  File has been updated.
#  Successfully updated.
# variable set hash-table stats:
# Load=0/32=0%, Rehash=0, Collisions=0/0=0%
#  commands to execute (from `makefile', line 24):
	$(CC)gcc.exe -c $(INCS) $(CFLAGS) $< -o $@ 
	

clean_all:
#  Implicit rule search has not been done.
#  Modification time never checked.
#  File has not been updated.
#  commands to execute (from `makefile', line 36):
	rm *.o *.elf *.bin
	

Learn_in_depth_cortex_m3_j.elf: main.o startup.o
#  Implicit rule search has not been done.
#  Last modified 2022-07-25 23:39:47
#  File has been updated.
#  Needs to be updated (-q is set).
# variable set hash-table stats:
# Load=0/32=0%, Rehash=0, Collisions=0/5=0%
#  commands to execute (from `makefile', line 30):
	$(CC)ld.exe -T linker_script.ld $(LIBS) $(OBJ) $(AsOBJ) -o $@ -Map=mapfile.map
	

# files hash-table stats:
# Load=12/1024=1%, Rehash=0, Collisions=2/34=6%
# VPATH Search Paths

# No `vpath' search paths.

# No general (`VPATH' variable) search path.

# # of strings in strcache: 1
# # of strcache buffers: 1
# strcache size: total = 4096 / max = 4096 / min = 4096 / avg = 4096
# strcache free: total = 4087 / max = 4087 / min = 4087 / avg = 4087

# Finished Make data base on Thu Jul 28 17:09:16 2022

 
