make.exe all --print-data-base --no-builtin-variables --no-builtin-rules --question
# GNU Make 3.81
# Copyright (C) 2006  Free Software Foundation, Inc.
# This is free software; see the source for copying conditions.
# There is NO warranty; not even for MERCHANTABILITY or FITNESS FOR A
# PARTICULAR PURPOSE.

# This program built for i386-pc-mingw32
 

# Make data base, printed on Thu Jul 28 15:07:31 2022

# Variables

# automatic
<D = $(patsubst %/,%,$(dir $<))
# automatic
?F = $(notdir $?)
# environment
WSLENV = WT_SESSION::WT_PROFILE_ID
# environment
ELECTRON_NO_ATTACH_CONSOLE = 1
# makefile
MAKEFLAGS = Rrqp
# automatic
?D = $(patsubst %/,%,$(dir $?))
# environment
PLATFORMIO_IDE = 2.5.0
# automatic
@D = $(patsubst %/,%,$(dir $@))
# environment
HOMEDRIVE = C:
# automatic
@F = $(notdir $@)
# automatic
^D = $(patsubst %/,%,$(dir $^))
# makefile
CURDIR := d:/University/Courses/Embedded Diploma/Embedded_Systems_Diploma
# default
SHELL := C:/WinAVR-20100110/utils/bin/sh.exe
# environment
WINDIR = C:\Windows
# environment
VSCODE_NLS_CONFIG = {"locale":"en-us","availableLanguages":{},"_languagePackSupport":true}
# environment
ONEDRIVE = C:\Users\johnm\OneDrive
# environment
PATHEXT = .COM;.EXE;.BAT;.CMD;.VBS;.VBE;.JS;.JSE;.WSF;.WSH;.MSC;.CPL
# makefile
MAKEFILE_LIST := 
# environment
TMP = C:\Users\johnm\AppData\Local\Temp
# environment
PROGRAMW6432 = C:\Program Files
# environment
PROGRAMDATA = C:\ProgramData
# environment
VSCODE_CWD = D:\University\Courses\Embedded Diploma\Embedded_Systems_Diploma
# environment
NO_PROXY = 127.0.0.1
# environment
COMMONPROGRAMW6432 = C:\Program Files\Common Files
# environment
PROCESSOR_ARCHITECTURE = x86
# environment
USERPROFILE = C:\Users\johnm
# environment
ALLUSERSPROFILE = C:\ProgramData
# environment
NUMBER_OF_PROCESSORS = 8
# environment
ELECTRON_RUN_AS_NODE = 1
# default
.FEATURES := target-specific order-only second-expansion else-if archives
# automatic
%F = $(notdir $%)
# environment
CHROME_CRASHPAD_PIPE_NAME = \\.\pipe\crashpad_16304_GQHXYNRRKVHVLKSN
# environment
COMPUTERNAME = JOHN
# environment
PROGRAMFILES = C:\Program Files (x86)
# environment
DRIVERDATA = C:\Windows\System32\Drivers\DriverData
# environment
ORIGINAL_XDG_CURRENT_DESKTOP = undefined
# environment
WT_SESSION = 8aa1b9cc-e392-42e6-a52f-e6d078421413
# environment
AVR32_HOME = C:\WinAVR-20100110
# environment
USERNAME = johnm
# environment
PUBLIC = C:\Users\Public
# environment
VSCODE_AMD_ENTRYPOINT = vs/workbench/api/node/extensionHostProcess
# environment
VSCODE_CLI = 1
# environment
VSCODE_CODE_CACHE_PATH = C:\Users\johnm\AppData\Roaming\Code\CachedData\3b889b090b5ad5793f524b5d1d39fda662b96a2a
# environment
APPLICATION_INSIGHTS_NO_DIAGNOSTIC_CHANNEL = 1
# environment
COMMONPROGRAMFILES = C:\Program Files (x86)\Common Files
# environment
LOGONSERVER = \\JOHN
# environment
VSCODE_HANDLES_UNCAUGHT_ERRORS = true
# environment
USERDOMAIN = JOHN
# environment
PLATFORMIO_PATH = C:\Users\johnm\.platformio\python3;C:\WinAVR-20100110\bin;C:\WinAVR-20100110\utils\bin;C:\Program Files\Common Files\Oracle\Java\javapath;C:\Program Files (x86)\Common Files\Oracle\Java\javapath;C:\Windows\system32;C:\Windows;C:\Windows\System32\Wbem;C:\Windows\System32\WindowsPowerShell\v1.0\;C:\Windows\System32\OpenSSH\;C:\mingw\bin;C:\Program Files\NVIDIA Corporation\NVIDIA NvDLISR;C:\PHP7;C:\Program Files\dotnet\;C:\ARM_TOOLCHAIN\bin;C:\Program Files\Git\cmd;C:\qemu;C:\Program Files (x86)\GNU Tools ARM Embedded\7 2017-q4-major\bin;C:\Program Files\MySQL\MySQL Shell 8.0\bin\;C:\Users\johnm\anaconda3;C:\Users\johnm\anaconda3\Library\mingw-w64\bin;C:\Users\johnm\anaconda3\Library\usr\bin;C:\Users\johnm\anaconda3\Library\bin;C:\Users\johnm\anaconda3\Scripts;C:\Users\johnm\AppData\Local\Microsoft\WindowsApps;C:\Users\johnm\AppData\Local\Programs\Microsoft VS Code\bin;C:\Users\johnm\AppData\Local\GitHubDesktop\bin;C:\WinAVR-20100110\bin;C:\WinAVR-20100110\utils\bin;C:\Program Files\Common Files\Oracle\Java\javapath;C:\Program Files (x86)\Common Files\Oracle\Java\javapath;C:\Windows\system32;C:\Windows;C:\Windows\System32\Wbem;C:\Windows\System32\WindowsPowerShell\v1.0\;C:\Windows\System32\OpenSSH\;C:\mingw\bin;C:\Program Files\NVIDIA Corporation\NVIDIA NvDLISR;C:\PHP7;C:\Program Files\dotnet\;C:\ARM_TOOLCHAIN\bin;C:\Program Files\Git\cmd;C:\qemu;C:\Program Files (x86)\GNU Tools ARM Embedded\7 2017-q4-major\bin;C:\Program Files\MySQL\MySQL Shell 8.0\bin\;C:\Users\johnm\anaconda3;C:\Users\johnm\anaconda3\Library\mingw-w64\bin;C:\Users\johnm\anaconda3\Library\usr\bin;C:\Users\johnm\anaconda3\Library\bin;C:\Users\johnm\anaconda3\Scripts;C:\Users\johnm\AppData\Local\Microsoft\WindowsApps;C:\Users\johnm\AppData\Local\Programs\Microsoft VS Code\bin;C:\Users\johnm\AppData\Local\GitHubDesktop\bin
# default
MAKE = $(MAKE_COMMAND)
# default
MAKECMDGOALS := all
# environment
PATH = C:\WinAVR-20100110\bin;C:\WinAVR-20100110\utils\bin;C:\Program Files\Common Files\Oracle\Java\javapath;C:\Program Files (x86)\Common Files\Oracle\Java\javapath;C:\Windows\system32;C:\Windows;C:\Windows\System32\Wbem;C:\Windows\System32\WindowsPowerShell\v1.0\;C:\Windows\System32\OpenSSH\;C:\mingw\bin;C:\Program Files\NVIDIA Corporation\NVIDIA NvDLISR;C:\PHP7;C:\Program Files\dotnet\;C:\ARM_TOOLCHAIN\bin;C:\Program Files\Git\cmd;C:\qemu;C:\Program Files (x86)\GNU Tools ARM Embedded\7 2017-q4-major\bin;C:\Program Files\MySQL\MySQL Shell 8.0\bin\;C:\Users\johnm\anaconda3;C:\Users\johnm\anaconda3\Library\mingw-w64\bin;C:\Users\johnm\anaconda3\Library\usr\bin;C:\Users\johnm\anaconda3\Library\bin;C:\Users\johnm\anaconda3\Scripts;C:\Users\johnm\AppData\Local\Microsoft\WindowsApps;C:\Users\johnm\AppData\Local\Programs\Microsoft VS Code\bin;C:\Users\johnm\AppData\Local\GitHubDesktop\bin
# default
MAKE_VERSION := 3.81
# makefile
.DEFAULT_GOAL := 
# environment
PROGRAMFILES(X86) = C:\Program Files (x86)
# automatic
%D = $(patsubst %/,%,$(dir $%))
# environment
LOCALAPPDATA = C:\Users\johnm\AppData\Local
# environment
PSMODULEPATH = C:\Users\johnm\OneDrive\Documents\WindowsPowerShell\Modules;C:\Program Files\WindowsPowerShell\Modules;C:\Windows\system32\WindowsPowerShell\v1.0\Modules
# default
MAKE_COMMAND := make.exe
# environment
PROCESSOR_ARCHITEW6432 = AMD64
# default
.VARIABLES := 
# automatic
*F = $(notdir $*)
# environment
PROCESSOR_IDENTIFIER = Intel64 Family 6 Model 158 Stepping 10, GenuineIntel
# environment
OS = Windows_NT
# environment
VSCODE_IPC_HOOK = \\.\pipe\fd7168ae5819fdac2610bac7e8f52ba8-1.69.2-main-sock
# environment
HOMEPATH = \Users\johnm
# environment
COMMONPROGRAMFILES(X86) = C:\Program Files (x86)\Common Files
# environment
PROMPT = $P$G
# environment
MFLAGS = -Rrqp
# automatic
*D = $(patsubst %/,%,$(dir $*))
# environment
SYSTEMROOT = C:\Windows
# automatic
+D = $(patsubst %/,%,$(dir $+))
# automatic
+F = $(notdir $+)
# environment
APPDATA = C:\Users\johnm\AppData\Roaming
# environment
TEMP = C:\Users\johnm\AppData\Local\Temp
# environment
WT_PROFILE_ID = {61c54bbd-c2c6-5271-96e7-009a87ff44bf}
# environment
COMSPEC = C:\Windows\system32\cmd.exe
# default
MAKEFILES := 
# automatic
<F = $(notdir $<)
# environment
PLATFORMIO_CALLER = vscode
# environment
LC_ALL = C
# automatic
^F = $(notdir $^)
# default
SUFFIXES := 
# environment
SYSTEMDRIVE = C:
# environment
PROCESSOR_REVISION = 9e0a
# environment
MAKELEVEL := 0
# environment
LANG = C
# environment
PROCESSOR_LEVEL = 6
# environment
VSCODE_PID = 16304
# environment
USERDOMAIN_ROAMINGPROFILE = JOHN
# variable set hash-table stats:
# Load=90/1024=9%, Rehash=0, Collisions=11/106=10%

# Pattern-specific Variable Values

# No pattern-specific variable values.

# Directories

# . (key d:/University/Courses/Embedded Diploma/Embedded_Systems_Diploma, mtime 1658785707): 9 files, no impossibilities.
# C:\WinAVR-20100110\bin (key C:/WinAVR-20100110/bin, mtime 1658404780): 75 files, no impossibilities.
# C:\WinAVR-20100110\utils\bin (key C:/WinAVR-20100110/utils/bin, mtime 1658404804): 99 files, no impossibilities so far.

# 183 files, no impossibilities in 3 directories.

# Implicit Rules

# No implicit rules.

# Files

# Not a target:
all:
#  Command-line target.
#  Implicit rule search has been done.
#  File does not exist.
#  File has not been updated.
# variable set hash-table stats:
# Load=0/32=0%, Rehash=0, Collisions=0/0=0%

# Not a target:
.DEFAULT:
#  Implicit rule search has not been done.
#  Modification time never checked.
#  File has not been updated.

# Not a target:
makefile:
#  A default, MAKEFILES, or -include/sinclude makefile.
#  Implicit rule search has been done.
#  File does not exist.
#  File has been updated.
#  Failed to be updated.
# variable set hash-table stats:
# Load=0/32=0%, Rehash=0, Collisions=0/0=0%

# Not a target:
.SUFFIXES:
#  Implicit rule search has not been done.
#  Modification time never checked.
#  File has not been updated.

# Not a target:
GNUmakefile:
#  A default, MAKEFILES, or -include/sinclude makefile.
#  Implicit rule search has been done.
#  File does not exist.
#  File has been updated.
#  Failed to be updated.
# variable set hash-table stats:
# Load=0/32=0%, Rehash=0, Collisions=0/0=0%

# files hash-table stats:
# Load=5/1024=0%, Rehash=0, Collisions=0/16=0%
# VPATH Search Paths

# No `vpath' search paths.

# No general (`VPATH' variable) search path.

# # of strings in strcache: 0
# # of strcache buffers: 0
# strcache size: total = 0 / max = 0 / min = 4096 / avg = 0
# strcache free: total = 0 / max = 0 / min = 4096 / avg = 0

# Finished Make data base on Thu Jul 28 15:07:31 2022

 
make.exe: *** No rule to make target `all'.  Stop.

